<?xml version="1.0" encoding="UTF-8"?>
<!-- Generated by org.testng.reporters.JUnitReportReporter -->
<testsuite hostname="VIVEK" failures="0" tests="1" name="prctiseAutomation.StandaloneTest" time="23.688" errors="0" timestamp="2023-07-05T16:30:18 IST" skipped="0">
  <testcase classname="prctiseAutomation.StandaloneTest" name="productPurchase" time="23.688"/>
  <system-out/>
</testsuite> <!-- prctiseAutomation.StandaloneTest -->
